C51 COMPILER V9.60.0.0   LCD                                                               10/14/2022 13:54:28 PAGE 1   


C51 COMPILER V9.60.0.0, COMPILATION OF MODULE LCD
OBJECT MODULE PLACED IN .\Objects\lcd.obj
COMPILER INVOKED BY: D:\electric\MKD_ARM\Core\C51\BIN\C51.EXE lcd.c OPTIMIZE(8,SPEED) BROWSE DEBUG OBJECTEXTEND PRINT(.\
                    -Listings\lcd.lst) TABS(2) OBJECT(.\Objects\lcd.obj)

line level    source

   1          #include "lcd.h"
   2          
   3          void delay(unsigned int c)   
   4          {
   5   1          unsigned char a,b;  
   6   1        for (; c>0; c--)
   7   1        {
   8   2           for (b=199;b>0;b--)
   9   2           {
  10   3              for(a=1;a>0;a--);
  11   3           }      
  12   2        }
  13   1            
  14   1      }
  15          
  16          void wcmd(unsigned char cmd)//写指令函数
  17          {
  18   1        LCD1602_E = 0;              
  19   1        LCD1602_RS = 0;           
  20   1        LCD1602_RW = 0;             
  21   1        
  22   1        LCD1602_DATAPINS = cmd;       //写入具体的指令
  23   1        delay(1);             
  24   1      
  25   1        LCD1602_E = 1;                  
  26   1        delay(5);               //延时，怕屏幕反应不过来
  27   1        LCD1602_E = 0;
  28   1      }
  29          
  30          void wdat(unsigned char dat)
  31          {
  32   1        LCD1602_E = 0;            //这几条指令是按照1602手册来的
  33   1        LCD1602_RS = 1;           
  34   1        LCD1602_RW = 0;           
  35   1      
  36   1        LCD1602_DATAPINS = dat;       //写入具体的数据
  37   1        delay(1);
  38   1      
  39   1        LCD1602_E = 1;            
  40   1        delay(5);               
  41   1        LCD1602_E = 0;
  42   1      }
  43            
  44          void lcd_init()
  45          {
  46   1        wcmd(0x01);  //清屏
  47   1        wcmd(0x0c);   //显示器开，光标关闭
  48   1        wcmd(0x02);  //这句应该是参考1602手册来的，有的厂家1602屏幕不需要这句
  49   1        wcmd(0x06);   //文字不动，地址自动+1
  50   1        wcmd(0x38);   //16*2显示，5*7点阵，8位数据接口
  51   1      }
  52          
  53          
  54          
C51 COMPILER V9.60.0.0   LCD                                                               10/14/2022 13:54:28 PAGE 2   

  55          
  56          
  57          
  58          
  59          
  60          
  61          


MODULE INFORMATION:   STATIC OVERLAYABLE
   CODE SIZE        =    109    ----
   CONSTANT SIZE    =   ----    ----
   XDATA SIZE       =   ----    ----
   PDATA SIZE       =   ----    ----
   DATA SIZE        =   ----    ----
   IDATA SIZE       =   ----    ----
   BIT SIZE         =   ----    ----
END OF MODULE INFORMATION.


C51 COMPILATION COMPLETE.  0 WARNING(S),  0 ERROR(S)
