C51 COMPILER V9.60.0.0   MAIN                                                              10/14/2022 13:54:27 PAGE 1   


C51 COMPILER V9.60.0.0, COMPILATION OF MODULE MAIN
OBJECT MODULE PLACED IN .\Objects\main.obj
COMPILER INVOKED BY: D:\electric\MKD_ARM\Core\C51\BIN\C51.EXE main.c OPTIMIZE(8,SPEED) BROWSE DEBUG OBJECTEXTEND PRINT(.
                    -\Listings\main.lst) TABS(2) OBJECT(.\Objects\main.obj)

line level    source

   1          #include "reg52.h"
   2          #include "lcd.h" 
   3          
   4          
   5          
   6          unsigned char Disp[]="  2020101710  ";
   7          unsigned char Disp_1[]="  2020101715 ";
   8          
   9          
  10          
  11          
  12          
  13          
  14          int main(){
  15   1        unsigned char i;
  16   1        lcd_init();
  17   1        while(1){
  18   2          for(i=0;i<16;i++){
  19   3              wdat(Disp[i]);
  20   3            }
  21   2          wcmd(0x80+0x40);
  22   2          for(i=0;i<16;i++){
  23   3              wdat(Disp_1[i]);  
  24   3            } 
  25   2        } 
  26   1      }


MODULE INFORMATION:   STATIC OVERLAYABLE
   CODE SIZE        =     64    ----
   CONSTANT SIZE    =   ----    ----
   XDATA SIZE       =   ----    ----
   PDATA SIZE       =   ----    ----
   DATA SIZE        =     29       1
   IDATA SIZE       =   ----    ----
   BIT SIZE         =   ----    ----
END OF MODULE INFORMATION.


C51 COMPILATION COMPLETE.  0 WARNING(S),  0 ERROR(S)
